-------------------------------------------------------------------------------
Test set: com.example.project.CalculatorTests
-------------------------------------------------------------------------------
Tests run: 5, Failures: 1, Errors: 0, Skipped: 0, Time elapsed: 0.068 s <<< FAILURE! - in com.example.project.CalculatorTests
add{int, int, int}[4]  Time elapsed: 0.007 s  <<< FAILURE!
org.opentest4j.AssertionFailedError: 1 + 100 should equal 102 ==> expected: <102> but was: <101>
	at com.example.project.CalculatorTests.add(CalculatorTests.java:28)

