<?xml version="1.0" encoding="UTF-8"?>
<testsuite xmlns:xsi="http://www.w3.org/2001/XMLSchema-instance" xsi:noNamespaceSchemaLocation="https://maven.apache.org/surefire/maven-surefire-plugin/xsd/surefire-test-report.xsd" name="com.example.project.CalculatorTests" time="0.068" tests="5" errors="0" skipped="0" failures="1">
  <properties>
[...]
</properties>
  <testcase name="addsTwoNumbers" classname="com.example.project.CalculatorTests" time="0.004"/>
  <testcase name="add{int, int, int}[1]" classname="com.example.project.CalculatorTests" time="0.015"/>
  <testcase name="add{int, int, int}[2]" classname="com.example.project.CalculatorTests" time="0.001"/>
  <testcase name="add{int, int, int}[3]" classname="com.example.project.CalculatorTests" time="0.001"/>
  <testcase name="add{int, int, int}[4]" classname="com.example.project.CalculatorTests" time="0.007">
    <failure message="1 + 100 should equal 102 ==&gt; expected: &lt;102&gt; but was: &lt;101&gt;" type="org.opentest4j.AssertionFailedError"><![CDATA[org.opentest4j.AssertionFailedError: 1 + 100 should equal 102 ==> expected: <102> but was: <101>
	at com.example.project.CalculatorTests.add(CalculatorTests.java:28)
]]></failure>
  </testcase>
</testsuite>